<?xml version="1.0" encoding="UTF-8"?>
<testng-results ignored="0" total="1" passed="1" failed="0" skipped="0">
  <reporter-output>
  </reporter-output>
  <suite started-at="2022-01-22T14:54:25 WAT" name="Default suite" finished-at="2022-01-22T14:54:33 WAT" duration-ms="7848">
    <groups>
    </groups>
    <test started-at="2022-01-22T14:54:25 WAT" name="Default test" finished-at="2022-01-22T14:54:33 WAT" duration-ms="7848">
      <class name="testCases.emailInputTest">
        <test-method signature="emailWrongInput()[pri:0, instance:testCases.emailInputTest@25084a1e]" started-at="2022-01-22T14:54:25 WAT" name="emailWrongInput" finished-at="2022-01-22T14:54:33 WAT" duration-ms="7808" status="PASS">
          <reporter-output>
          </reporter-output>
        </test-method> <!-- emailWrongInput -->
      </class> <!-- testCases.emailInputTest -->
    </test> <!-- Default test -->
  </suite> <!-- Default suite -->
</testng-results>
